<?xml version="1.0" encoding="UTF-8"?>
<testng-results skipped="0" failed="0" total="1" passed="1">
  <reporter-output>
  </reporter-output>
  <suite name="Surefire suite" duration-ms="44" started-at="2016-03-24T02:16:35Z" finished-at="2016-03-24T02:16:35Z">
    <groups>
    </groups>
    <test name="Surefire test" duration-ms="44" started-at="2016-03-24T02:16:35Z" finished-at="2016-03-24T02:16:35Z">
      <class name="LottoNZ.AutoSLWebTest.AppTest">
        <test-method status="PASS" signature="testApp()[pri:0, instance:testApp(LottoNZ.AutoSLWebTest.AppTest)]" name="testApp" duration-ms="2" started-at="2016-03-24T15:16:35Z" finished-at="2016-03-24T15:16:35Z">
          <reporter-output>
          </reporter-output>
        </test-method> <!-- testApp -->
      </class> <!-- LottoNZ.AutoSLWebTest.AppTest -->
    </test> <!-- Surefire test -->
  </suite> <!-- Surefire suite -->
</testng-results>
